<?xml version="1.0" encoding="UTF-8"?>
<testng-results skipped="0" failed="0" ignored="0" total="1" passed="1">
  <reporter-output>
  </reporter-output>
  <suite name="Default suite" duration-ms="30961" started-at="2018-09-02T19:12:37Z" finished-at="2018-09-02T19:13:08Z">
    <groups>
    </groups>
    <test name="Default test" duration-ms="30961" started-at="2018-09-02T19:12:37Z" finished-at="2018-09-02T19:13:08Z">
      <class name="com.SeleniumBasic.HandleCheckBoxes">
        <test-method status="PASS" signature="checkBoxHandle()[pri:0, instance:com.SeleniumBasic.HandleCheckBoxes@2f8f11]" name="checkBoxHandle" duration-ms="30895" started-at="2018-09-02T19:12:37Z" finished-at="2018-09-02T19:13:08Z">
          <reporter-output>
          </reporter-output>
        </test-method> <!-- checkBoxHandle -->
      </class> <!-- com.SeleniumBasic.HandleCheckBoxes -->
    </test> <!-- Default test -->
  </suite> <!-- Default suite -->
</testng-results>
